<?xml version="1.0" encoding="UTF-8"?>
<!-- Generated by org.testng.reporters.JUnitReportReporter -->
<testsuite skipped="0" hostname="WKWIN8641454" name="firsttestngpackage.FirstTestNGFile" tests="10" failures="0" timestamp="24 Apr 2019 11:46:47 GMT" time="63.386" errors="0">
  <testcase name="googleTitleTest" time="6.370" classname="firsttestngpackage.FirstTestNGFile"/>
  <testcase name="googleTitleTest" time="6.265" classname="firsttestngpackage.FirstTestNGFile"/>
  <testcase name="googleTitleTest" time="6.221" classname="firsttestngpackage.FirstTestNGFile"/>
  <testcase name="googleTitleTest" time="6.394" classname="firsttestngpackage.FirstTestNGFile"/>
  <testcase name="googleTitleTest" time="5.903" classname="firsttestngpackage.FirstTestNGFile"/>
  <testcase name="googleTitleTest" time="6.277" classname="firsttestngpackage.FirstTestNGFile"/>
  <testcase name="googleTitleTest" time="6.423" classname="firsttestngpackage.FirstTestNGFile"/>
  <testcase name="googleTitleTest" time="6.376" classname="firsttestngpackage.FirstTestNGFile"/>
  <testcase name="googleTitleTest" time="6.481" classname="firsttestngpackage.FirstTestNGFile"/>
  <testcase name="googleTitleTest" time="6.676" classname="firsttestngpackage.FirstTestNGFile"/>
</testsuite> <!-- firsttestngpackage.FirstTestNGFile -->
