<?xml version="1.0" encoding="UTF-8"?>
<!-- Generated by org.testng.reporters.JUnitReportReporter -->
<testsuite skipped="0" hostname="WKWIN8641454" name="com.ef.qa.testcases.LoginPageTest" tests="1" failures="0" timestamp="08 May 2019 11:44:08 GMT" time="4.767" errors="0">
  <testcase name="loginPageTitleTest" time="4.767" classname="com.ef.qa.testcases.LoginPageTest"/>
</testsuite> <!-- com.ef.qa.testcases.LoginPageTest -->
